Reading netlist file: "E:\FPGA\Tang_nano_9K_LCD\impl\gwsynthesis\Tang_nano_9K_LCD.vg"
Parsing netlist file "E:\FPGA\Tang_nano_9K_LCD\impl\gwsynthesis\Tang_nano_9K_LCD.vg" completed
Processing netlist completed
Physical Constraint parsed completed
Running placement......
[10%] Placement Phase 0 completed
[20%] Placement Phase 1 completed
[30%] Placement Phase 2 completed
[50%] Placement Phase 3 completed
Running routing......
[60%] Routing Phase 0 completed
[70%] Routing Phase 1 completed
[80%] Routing Phase 2 completed
[90%] Routing Phase 3 completed
Placement and routing completed
Running timing analysis......
[95%] Timing analysis completed
Bitstream generation in progress......
Bitstream generation completed
Running power analysis......
[100%] Power analysis completed
Generate file "E:\FPGA\Tang_nano_9K_LCD\impl\pnr\Tang_nano_9K_LCD.power.html" completed
Generate file "E:\FPGA\Tang_nano_9K_LCD\impl\pnr\Tang_nano_9K_LCD.pin.html" completed
Generate file "E:\FPGA\Tang_nano_9K_LCD\impl\pnr\Tang_nano_9K_LCD.rpt.html" completed
Generate file "E:\FPGA\Tang_nano_9K_LCD\impl\pnr\Tang_nano_9K_LCD.rpt.txt" completed
Generate file "E:\FPGA\Tang_nano_9K_LCD\impl\pnr\Tang_nano_9K_LCD.tr.html" completed
Mon Jan 10 14:33:50 2022

